<?xml version="1.0" encoding="UTF-8"?>
<!-- Generated by org.testng.reporters.JUnitXMLReporter -->
<testsuite hostname="user-fc" ignored="0" name="search-test" tests="2" failures="2" timestamp="06 Jul 2018 14:15:09 GMT" time="6.66" errors="0">
  <testcase name="googleTest" time="3.504" classname="test.java.com.testautomationguru.container.test.SearchTest">
    <failure type="java.lang.AssertionError" message="The following asserts failed:
	expected [true] but found [false]">
      <![CDATA[java.lang.AssertionError: The following asserts failed:
	expected [true] but found [false]
	at test.java.com.testautomationguru.container.test.SearchTest.googleTest(SearchTest.java:30)
... Removed 29 stack frames]]>
    </failure>
  </testcase> <!-- googleTest -->
  <testcase name="googleTest" time="1.48" classname="test.java.com.testautomationguru.container.test.SearchTest">
    <failure type="java.lang.AssertionError" message="The following asserts failed:
	expected [true] but found [false],
	expected [true] but found [false]">
      <![CDATA[java.lang.AssertionError: The following asserts failed:
	expected [true] but found [false],
	expected [true] but found [false]
	at test.java.com.testautomationguru.container.test.SearchTest.googleTest(SearchTest.java:30)
... Removed 29 stack frames]]>
    </failure>
  </testcase> <!-- googleTest -->
</testsuite> <!-- search-test -->
